<?xml version="1.0" encoding="UTF-8"?>
<testsuite xmlns:xsi="http://www.w3.org/2001/XMLSchema-instance" xsi:noNamespaceSchemaLocation="https://maven.apache.org/surefire/maven-surefire-plugin/xsd/surefire-test-report-3.0.xsd" version="3.0" name="com.example.multiservice_zayn.MultiserviceZaynApplicationTests" time="9.049" tests="1" errors="0" skipped="0" failures="0">
  <properties>
[...]
</properties>
  <testcase name="contextLoads" classname="com.example.multiservice_zayn.MultiserviceZaynApplicationTests" time="1.722">
    <system-out><![CDATA[16:37:14.948 [main] INFO org.springframework.test.context.support.AnnotationConfigContextLoaderUtils -- Could not detect default configuration classes for test class [com.example.multiservice_zayn.MultiserviceZaynApplicationTests]: MultiserviceZaynApplicationTests does not declare any static, non-private, non-final, nested classes annotated with @Configuration.
16:37:15.177 [main] INFO org.springframework.boot.test.context.SpringBootTestContextBootstrapper -- Found @SpringBootConfiguration com.example.multiservice_zayn.MultiserviceZaynApplication for test class com.example.multiservice_zayn.MultiserviceZaynApplicationTests

  .   ____          _            __ _ _
 /\\ / ___'_ __ _ _(_)_ __  __ _ \ \ \ \
( ( )\___ | '_ | '_| | '_ \/ _` | \ \ \ \
 \\/  ___)| |_)| | | | | || (_| |  ) ) ) )
  '  |____| .__|_| |_|_| |_\__, | / / / /
 =========|_|==============|___/=/_/_/_/
 :: Spring Boot ::                (v3.1.1)

2024-09-03T16:37:16.133+01:00  INFO 3836 --- [           main] c.e.m.MultiserviceZaynApplicationTests   : Starting MultiserviceZaynApplicationTests using Java 17.0.11 with PID 3836 (started by 3silaa in /Users/3silaa/Desktop/Z-Learning/Backend/multiservice_zayn)
2024-09-03T16:37:16.136+01:00  INFO 3836 --- [           main] c.e.m.MultiserviceZaynApplicationTests   : No active profile set, falling back to 1 default profile: "default"
2024-09-03T16:37:18.108+01:00  INFO 3836 --- [           main] .s.d.r.c.RepositoryConfigurationDelegate : Bootstrapping Spring Data MongoDB repositories in DEFAULT mode.
2024-09-03T16:37:18.260+01:00  INFO 3836 --- [           main] .s.d.r.c.RepositoryConfigurationDelegate : Finished Spring Data repository scanning in 140 ms. Found 3 MongoDB repository interfaces.
2024-09-03T16:37:19.933+01:00  INFO 3836 --- [           main] org.mongodb.driver.client                : MongoClient with metadata {"driver": {"name": "mongo-java-driver|sync|spring-boot", "version": "4.9.1"}, "os": {"type": "Darwin", "name": "Mac OS X", "architecture": "x86_64", "version": "12.7.4"}, "platform": "Java/Amazon.com Inc./17.0.11+9-LTS"} created with settings MongoClientSettings{readPreference=primary, writeConcern=WriteConcern{w=null, wTimeout=null ms, journal=null}, retryWrites=true, retryReads=true, readConcern=ReadConcern{level=null}, credential=MongoCredential{mechanism=null, userName='rootuser', source='admin', password=<hidden>, mechanismProperties=<hidden>}, streamFactoryFactory=null, commandListeners=[], codecRegistry=ProvidersCodecRegistry{codecProviders=[ValueCodecProvider{}, BsonValueCodecProvider{}, DBRefCodecProvider{}, DBObjectCodecProvider{}, DocumentCodecProvider{}, CollectionCodecProvider{}, IterableCodecProvider{}, MapCodecProvider{}, GeoJsonCodecProvider{}, GridFSFileCodecProvider{}, Jsr310CodecProvider{}, JsonObjectCodecProvider{}, BsonCodecProvider{}, EnumCodecProvider{}, com.mongodb.client.model.mql.ExpressionCodecProvider@72b43104, com.mongodb.Jep395RecordCodecProvider@e111c7c]}, loggerSettings=LoggerSettings{maxDocumentLength=1000}, clusterSettings={hosts=[localhost:27017], srvServiceName=mongodb, mode=SINGLE, requiredClusterType=UNKNOWN, requiredReplicaSetName='null', serverSelector='null', clusterListeners='[]', serverSelectionTimeout='30000 ms', localThreshold='30000 ms'}, socketSettings=SocketSettings{connectTimeoutMS=10000, readTimeoutMS=0, receiveBufferSize=0, sendBufferSize=0}, heartbeatSocketSettings=SocketSettings{connectTimeoutMS=10000, readTimeoutMS=10000, receiveBufferSize=0, sendBufferSize=0}, connectionPoolSettings=ConnectionPoolSettings{maxSize=100, minSize=0, maxWaitTimeMS=120000, maxConnectionLifeTimeMS=0, maxConnectionIdleTimeMS=0, maintenanceInitialDelayMS=0, maintenanceFrequencyMS=60000, connectionPoolListeners=[], maxConnecting=2}, serverSettings=ServerSettings{heartbeatFrequencyMS=10000, minHeartbeatFrequencyMS=500, serverListeners='[]', serverMonitorListeners='[]'}, sslSettings=SslSettings{enabled=false, invalidHostNameAllowed=false, context=null}, applicationName='null', compressorList=[], uuidRepresentation=JAVA_LEGACY, serverApi=null, autoEncryptionSettings=null, contextProvider=null}
2024-09-03T16:37:20.070+01:00  INFO 3836 --- [localhost:27017] org.mongodb.driver.cluster               : Monitor thread successfully connected to server with description ServerDescription{address=localhost:27017, type=STANDALONE, state=CONNECTED, ok=true, minWireVersion=0, maxWireVersion=21, maxDocumentSize=16777216, logicalSessionTimeoutMinutes=30, roundTripTimeNanos=62247166}
2024-09-03T16:37:21.381+01:00  INFO 3836 --- [           main] o.s.s.web.DefaultSecurityFilterChain     : Will secure any request with [org.springframework.security.web.session.DisableEncodeUrlFilter@dada335, org.springframework.security.web.context.request.async.WebAsyncManagerIntegrationFilter@716f94c1, org.springframework.security.web.context.SecurityContextHolderFilter@282c4da0, org.springframework.security.web.header.HeaderWriterFilter@722531ab, org.springframework.web.filter.CorsFilter@53feeac9, org.springframework.security.web.authentication.logout.LogoutFilter@760f1081, com.example.multiservice_zayn.Filters.JwtRequestFilter@70091872, org.springframework.security.web.savedrequest.RequestCacheAwareFilter@18cf5c52, org.springframework.security.web.servletapi.SecurityContextHolderAwareRequestFilter@426c0486, org.springframework.security.web.authentication.AnonymousAuthenticationFilter@105db94d, org.springframework.security.web.session.SessionManagementFilter@5882b202, org.springframework.security.web.access.ExceptionTranslationFilter@74fb5b59, org.springframework.security.web.access.intercept.AuthorizationFilter@10e9a5fe]
2024-09-03T16:37:21.852+01:00  INFO 3836 --- [           main] c.e.m.MultiserviceZaynApplicationTests   : Started MultiserviceZaynApplicationTests in 6.384 seconds (process running for 8.345)
]]></system-out>
  </testcase>
</testsuite>